build/app/intermediates/manifest_merge_blame_file/debug/manifest-merger-blame-debug-report.txt
1<?xml version="1.0" encoding="utf-8"?>
2<manifest xmlns:android="http://schemas.android.com/apk/res/android"
3    package="com.example.movies_booking_app"
4    android:versionCode="1"
5    android:versionName="1.0.0" >
6
7    <uses-sdk
8        android:minSdkVersion="21"
9        android:targetSdkVersion="34" />
10    <!--
11         The INTERNET permission is required for development. Specifically,
12         the Flutter tool needs it to communicate with the running application
13         to allow setting breakpoints, to provide hot reload, etc.
14    -->
15    <uses-permission android:name="android.permission.INTERNET" />
15-->src/debug/AndroidManifest.xml:6:5-66
15-->src/debug/AndroidManifest.xml:6:22-64
16    <!--
17     Required to query activities that can process text, see:
18         https://developer.android.com/training/package-visibility and
19         https://developer.android.com/reference/android/content/Intent#ACTION_PROCESS_TEXT.
20
21         In particular, this is used by the Flutter engine in io.flutter.plugin.text.ProcessTextPlugin.
22    -->
23    <queries>
23-->src/main/AndroidManifest.xml:39:5-44:15
24        <intent>
24-->src/main/AndroidManifest.xml:40:9-43:18
25            <action android:name="android.intent.action.PROCESS_TEXT" />
25-->src/main/AndroidManifest.xml:41:13-72
25-->src/main/AndroidManifest.xml:41:21-70
26
27            <data android:mimeType="text/plain" />
27-->src/main/AndroidManifest.xml:42:13-50
27-->src/main/AndroidManifest.xml:42:19-48
28        </intent>
29        <intent>
29-->[:flutter_inappwebview_android] AndroidManifest.xml:8:9-10:18
30            <action android:name="android.support.customtabs.action.CustomTabsService" />
30-->[:flutter_inappwebview_android] AndroidManifest.xml:9:13-90
30-->[:flutter_inappwebview_android] AndroidManifest.xml:9:21-87
31        </intent>
32    </queries>
33
34    <permission
34-->[androidx.core:core:1.13.1] AndroidManifest.xml:22:5-24:47
35        android:name="com.example.movies_booking_app.DYNAMIC_RECEIVER_NOT_EXPORTED_PERMISSION"
35-->[androidx.core:core:1.13.1] AndroidManifest.xml:23:9-81
36        android:protectionLevel="signature" />
36-->[androidx.core:core:1.13.1] AndroidManifest.xml:24:9-44
37
38    <uses-permission android:name="com.example.movies_booking_app.DYNAMIC_RECEIVER_NOT_EXPORTED_PERMISSION" />
38-->[androidx.core:core:1.13.1] AndroidManifest.xml:26:5-97
38-->[androidx.core:core:1.13.1] AndroidManifest.xml:26:22-94
39
40    <application
41        android:name="android.app.Application"
42        android:appComponentFactory="androidx.core.app.CoreComponentFactory"
42-->[androidx.core:core:1.13.1] AndroidManifest.xml:28:18-86
43        android:debuggable="true"
44        android:extractNativeLibs="true"
45        android:icon="@mipmap/ic_launcher"
46        android:label="movie booking app" >
47        <activity
48            android:name="com.example.movies_booking_app.MainActivity"
49            android:configChanges="orientation|keyboardHidden|keyboard|screenSize|smallestScreenSize|locale|layoutDirection|fontScale|screenLayout|density|uiMode"
50            android:exported="true"
51            android:hardwareAccelerated="true"
52            android:launchMode="singleTop"
53            android:taskAffinity=""
54            android:theme="@style/LaunchTheme"
55            android:windowSoftInputMode="adjustResize" >
56
57            <!--
58                 Specifies an Android theme to apply to this Activity as soon as
59                 the Android process has started. This theme is visible to the user
60                 while the Flutter UI initializes. After that, this theme continues
61                 to determine the Window background behind the Flutter UI.
62            -->
63            <meta-data
64                android:name="io.flutter.embedding.android.NormalTheme"
65                android:resource="@style/NormalTheme" />
66
67            <intent-filter>
68                <action android:name="android.intent.action.MAIN" />
69
70                <category android:name="android.intent.category.LAUNCHER" />
71            </intent-filter>
72        </activity>
73        <!--
74             Don't delete the meta-data below.
75             This is used by the Flutter tool to generate GeneratedPluginRegistrant.java
76        -->
77        <meta-data
78            android:name="flutterEmbedding"
79            android:value="2" />
80
81        <activity
81-->[:flutter_inappwebview_android] AndroidManifest.xml:14:9-18:47
82            android:name="com.pichillilorenzo.flutter_inappwebview_android.in_app_browser.InAppBrowserActivity"
82-->[:flutter_inappwebview_android] AndroidManifest.xml:15:13-112
83            android:configChanges="orientation|keyboardHidden|keyboard|screenSize|locale|layoutDirection|fontScale|screenLayout|density"
83-->[:flutter_inappwebview_android] AndroidManifest.xml:16:13-137
84            android:exported="false"
84-->[:flutter_inappwebview_android] AndroidManifest.xml:17:13-37
85            android:theme="@style/AppTheme" />
85-->[:flutter_inappwebview_android] AndroidManifest.xml:18:13-44
86        <activity
86-->[:flutter_inappwebview_android] AndroidManifest.xml:19:9-22:55
87            android:name="com.pichillilorenzo.flutter_inappwebview_android.chrome_custom_tabs.ChromeCustomTabsActivity"
87-->[:flutter_inappwebview_android] AndroidManifest.xml:20:13-120
88            android:exported="false"
88-->[:flutter_inappwebview_android] AndroidManifest.xml:21:13-37
89            android:theme="@style/ThemeTransparent" />
89-->[:flutter_inappwebview_android] AndroidManifest.xml:22:13-52
90        <activity
90-->[:flutter_inappwebview_android] AndroidManifest.xml:23:9-26:55
91            android:name="com.pichillilorenzo.flutter_inappwebview_android.chrome_custom_tabs.TrustedWebActivity"
91-->[:flutter_inappwebview_android] AndroidManifest.xml:24:13-114
92            android:exported="false"
92-->[:flutter_inappwebview_android] AndroidManifest.xml:25:13-37
93            android:theme="@style/ThemeTransparent" />
93-->[:flutter_inappwebview_android] AndroidManifest.xml:26:13-52
94        <activity
94-->[:flutter_inappwebview_android] AndroidManifest.xml:27:9-31:55
95            android:name="com.pichillilorenzo.flutter_inappwebview_android.chrome_custom_tabs.ChromeCustomTabsActivitySingleInstance"
95-->[:flutter_inappwebview_android] AndroidManifest.xml:28:13-134
96            android:exported="false"
96-->[:flutter_inappwebview_android] AndroidManifest.xml:29:13-37
97            android:launchMode="singleInstance"
97-->[:flutter_inappwebview_android] AndroidManifest.xml:30:13-48
98            android:theme="@style/ThemeTransparent" />
98-->[:flutter_inappwebview_android] AndroidManifest.xml:31:13-52
99        <activity
99-->[:flutter_inappwebview_android] AndroidManifest.xml:32:9-36:55
100            android:name="com.pichillilorenzo.flutter_inappwebview_android.chrome_custom_tabs.TrustedWebActivitySingleInstance"
100-->[:flutter_inappwebview_android] AndroidManifest.xml:33:13-128
101            android:exported="false"
101-->[:flutter_inappwebview_android] AndroidManifest.xml:34:13-37
102            android:launchMode="singleInstance"
102-->[:flutter_inappwebview_android] AndroidManifest.xml:35:13-48
103            android:theme="@style/ThemeTransparent" />
103-->[:flutter_inappwebview_android] AndroidManifest.xml:36:13-52
104
105        <receiver
105-->[:flutter_inappwebview_android] AndroidManifest.xml:38:9-41:40
106            android:name="com.pichillilorenzo.flutter_inappwebview_android.chrome_custom_tabs.ActionBroadcastReceiver"
106-->[:flutter_inappwebview_android] AndroidManifest.xml:39:13-119
107            android:enabled="true"
107-->[:flutter_inappwebview_android] AndroidManifest.xml:40:13-35
108            android:exported="false" />
108-->[:flutter_inappwebview_android] AndroidManifest.xml:41:13-37
109
110        <meta-data
110-->[:flutter_inappwebview_android] AndroidManifest.xml:43:9-45:36
111            android:name="io.flutter.embedded_views_preview"
111-->[:flutter_inappwebview_android] AndroidManifest.xml:44:13-61
112            android:value="true" />
112-->[:flutter_inappwebview_android] AndroidManifest.xml:45:13-33
113
114        <provider
114-->[:image_picker_android] AndroidManifest.xml:9:9-17:20
115            android:name="io.flutter.plugins.imagepicker.ImagePickerFileProvider"
115-->[:image_picker_android] AndroidManifest.xml:10:13-82
116            android:authorities="com.example.movies_booking_app.flutter.image_provider"
116-->[:image_picker_android] AndroidManifest.xml:11:13-74
117            android:exported="false"
117-->[:image_picker_android] AndroidManifest.xml:12:13-37
118            android:grantUriPermissions="true" >
118-->[:image_picker_android] AndroidManifest.xml:13:13-47
119            <meta-data
119-->[:image_picker_android] AndroidManifest.xml:14:13-16:75
120                android:name="android.support.FILE_PROVIDER_PATHS"
120-->[:image_picker_android] AndroidManifest.xml:15:17-67
121                android:resource="@xml/flutter_image_picker_file_paths" />
121-->[:image_picker_android] AndroidManifest.xml:16:17-72
122        </provider> <!-- Trigger Google Play services to install the backported photo picker module. -->
123        <service
123-->[:image_picker_android] AndroidManifest.xml:19:9-31:19
124            android:name="com.google.android.gms.metadata.ModuleDependencies"
124-->[:image_picker_android] AndroidManifest.xml:20:13-78
125            android:enabled="false"
125-->[:image_picker_android] AndroidManifest.xml:21:13-36
126            android:exported="false" >
126-->[:image_picker_android] AndroidManifest.xml:22:13-37
127            <intent-filter>
127-->[:image_picker_android] AndroidManifest.xml:24:13-26:29
128                <action android:name="com.google.android.gms.metadata.MODULE_DEPENDENCIES" />
128-->[:image_picker_android] AndroidManifest.xml:25:17-94
128-->[:image_picker_android] AndroidManifest.xml:25:25-91
129            </intent-filter>
130
131            <meta-data
131-->[:image_picker_android] AndroidManifest.xml:28:13-30:36
132                android:name="photopicker_activity:0:required"
132-->[:image_picker_android] AndroidManifest.xml:29:17-63
133                android:value="" />
133-->[:image_picker_android] AndroidManifest.xml:30:17-33
134        </service>
135
136        <activity
136-->[:url_launcher_android] AndroidManifest.xml:8:9-11:74
137            android:name="io.flutter.plugins.urllauncher.WebViewActivity"
137-->[:url_launcher_android] AndroidManifest.xml:9:13-74
138            android:exported="false"
138-->[:url_launcher_android] AndroidManifest.xml:10:13-37
139            android:theme="@android:style/Theme.NoTitleBar.Fullscreen" />
139-->[:url_launcher_android] AndroidManifest.xml:11:13-71
140
141        <uses-library
141-->[androidx.window:window:1.2.0] AndroidManifest.xml:23:9-25:40
142            android:name="androidx.window.extensions"
142-->[androidx.window:window:1.2.0] AndroidManifest.xml:24:13-54
143            android:required="false" />
143-->[androidx.window:window:1.2.0] AndroidManifest.xml:25:13-37
144        <uses-library
144-->[androidx.window:window:1.2.0] AndroidManifest.xml:26:9-28:40
145            android:name="androidx.window.sidecar"
145-->[androidx.window:window:1.2.0] AndroidManifest.xml:27:13-51
146            android:required="false" />
146-->[androidx.window:window:1.2.0] AndroidManifest.xml:28:13-37
147
148        <provider
148-->[androidx.emoji2:emoji2:1.2.0] AndroidManifest.xml:24:9-32:20
149            android:name="androidx.startup.InitializationProvider"
149-->[androidx.emoji2:emoji2:1.2.0] AndroidManifest.xml:25:13-67
150            android:authorities="com.example.movies_booking_app.androidx-startup"
150-->[androidx.emoji2:emoji2:1.2.0] AndroidManifest.xml:26:13-68
151            android:exported="false" >
151-->[androidx.emoji2:emoji2:1.2.0] AndroidManifest.xml:27:13-37
152            <meta-data
152-->[androidx.emoji2:emoji2:1.2.0] AndroidManifest.xml:29:13-31:52
153                android:name="androidx.emoji2.text.EmojiCompatInitializer"
153-->[androidx.emoji2:emoji2:1.2.0] AndroidManifest.xml:30:17-75
154                android:value="androidx.startup" />
154-->[androidx.emoji2:emoji2:1.2.0] AndroidManifest.xml:31:17-49
155            <meta-data
155-->[androidx.lifecycle:lifecycle-process:2.7.0] AndroidManifest.xml:29:13-31:52
156                android:name="androidx.lifecycle.ProcessLifecycleInitializer"
156-->[androidx.lifecycle:lifecycle-process:2.7.0] AndroidManifest.xml:30:17-78
157                android:value="androidx.startup" />
157-->[androidx.lifecycle:lifecycle-process:2.7.0] AndroidManifest.xml:31:17-49
158            <meta-data
158-->[androidx.profileinstaller:profileinstaller:1.3.1] AndroidManifest.xml:29:13-31:52
159                android:name="androidx.profileinstaller.ProfileInstallerInitializer"
159-->[androidx.profileinstaller:profileinstaller:1.3.1] AndroidManifest.xml:30:17-85
160                android:value="androidx.startup" />
160-->[androidx.profileinstaller:profileinstaller:1.3.1] AndroidManifest.xml:31:17-49
161        </provider>
162
163        <receiver
163-->[androidx.profileinstaller:profileinstaller:1.3.1] AndroidManifest.xml:34:9-52:20
164            android:name="androidx.profileinstaller.ProfileInstallReceiver"
164-->[androidx.profileinstaller:profileinstaller:1.3.1] AndroidManifest.xml:35:13-76
165            android:directBootAware="false"
165-->[androidx.profileinstaller:profileinstaller:1.3.1] AndroidManifest.xml:36:13-44
166            android:enabled="true"
166-->[androidx.profileinstaller:profileinstaller:1.3.1] AndroidManifest.xml:37:13-35
167            android:exported="true"
167-->[androidx.profileinstaller:profileinstaller:1.3.1] AndroidManifest.xml:38:13-36
168            android:permission="android.permission.DUMP" >
168-->[androidx.profileinstaller:profileinstaller:1.3.1] AndroidManifest.xml:39:13-57
169            <intent-filter>
169-->[androidx.profileinstaller:profileinstaller:1.3.1] AndroidManifest.xml:40:13-42:29
170                <action android:name="androidx.profileinstaller.action.INSTALL_PROFILE" />
170-->[androidx.profileinstaller:profileinstaller:1.3.1] AndroidManifest.xml:41:17-91
170-->[androidx.profileinstaller:profileinstaller:1.3.1] AndroidManifest.xml:41:25-88
171            </intent-filter>
172            <intent-filter>
172-->[androidx.profileinstaller:profileinstaller:1.3.1] AndroidManifest.xml:43:13-45:29
173                <action android:name="androidx.profileinstaller.action.SKIP_FILE" />
173-->[androidx.profileinstaller:profileinstaller:1.3.1] AndroidManifest.xml:44:17-85
173-->[androidx.profileinstaller:profileinstaller:1.3.1] AndroidManifest.xml:44:25-82
174            </intent-filter>
175            <intent-filter>
175-->[androidx.profileinstaller:profileinstaller:1.3.1] AndroidManifest.xml:46:13-48:29
176                <action android:name="androidx.profileinstaller.action.SAVE_PROFILE" />
176-->[androidx.profileinstaller:profileinstaller:1.3.1] AndroidManifest.xml:47:17-88
176-->[androidx.profileinstaller:profileinstaller:1.3.1] AndroidManifest.xml:47:25-85
177            </intent-filter>
178            <intent-filter>
178-->[androidx.profileinstaller:profileinstaller:1.3.1] AndroidManifest.xml:49:13-51:29
179                <action android:name="androidx.profileinstaller.action.BENCHMARK_OPERATION" />
179-->[androidx.profileinstaller:profileinstaller:1.3.1] AndroidManifest.xml:50:17-95
179-->[androidx.profileinstaller:profileinstaller:1.3.1] AndroidManifest.xml:50:25-92
180            </intent-filter>
181        </receiver>
182    </application>
183
184</manifest>